<?xml version="1.0" encoding="UTF-8"?>
<!-- Generated by org.testng.reporters.JUnitReportReporter -->
<testsuite skipped="0" hostname="VISHGARG-LAP" name="String.ReverseVowelsOfAString" tests="1" failures="0" timestamp="10 Oct 2017 07:51:56 GMT" time="0.014" errors="0">
  <testcase name="test" time="0.014" classname="String.ReverseVowelsOfAString"/>
</testsuite> <!-- String.ReverseVowelsOfAString -->
