<?xml version="1.0" encoding="UTF-8"?>
<!-- Generated by org.testng.reporters.JUnitReportReporter -->
<testsuite skipped="0" hostname="VISHGARG-LAP" name="String.ReverseString" tests="1" failures="0" timestamp="10 Oct 2017 06:32:31 GMT" time="0.013" errors="0">
  <testcase name="test" time="0.013" classname="String.ReverseString"/>
</testsuite> <!-- String.ReverseString -->
